{"email":"bayesashok@gmail.com","level":"info","message":"OTP sent to user","timestamp":"2025-07-31T19:15:32.002Z"}
{"level":"warn","message":"Incorrect OTP provided","timestamp":"2025-07-31T19:17:48.174Z","userId":"688b491be8e10978aff3c242"}
{"email":"bayesashok@gmail.com","level":"info","message":"OTP verified and user logged in successfully","timestamp":"2025-07-31T19:17:48.228Z"}
{"email":"bayesashok@gmail.com","level":"info","message":"OTP sent to user","timestamp":"2025-07-31T19:20:40.530Z"}
{"email":"bayesashok@gmail.com","level":"info","message":"OTP verified and user logged in successfully","timestamp":"2025-07-31T19:21:41.519Z"}
{"email":"bayesashok@gmail.com","level":"info","message":"OTP sent to user","timestamp":"2025-07-31T19:23:23.340Z"}
{"email":"bayesashok@gmail.com","level":"info","message":"OTP sent to user","timestamp":"2025-07-31T19:23:26.312Z"}
{"level":"warn","message":"Incorrect OTP provided","timestamp":"2025-07-31T19:23:33.091Z","userId":"688b491be8e10978aff3c242"}
{"email":"bayesashok@gmail.com","level":"info","message":"OTP verified and user logged in successfully","timestamp":"2025-07-31T19:23:44.719Z"}
{"email":"bayesashok@gmail.com","level":"info","message":"User logged in successfully","timestamp":"2025-07-31T19:25:28.093Z"}
{"count":6,"filters":{},"level":"info","message":"Retrieved student view courses","sortBy":"price-lowtohigh","timestamp":"2025-07-31T19:25:28.174Z"}
{"level":"info","message":"User details fetched successfully","timestamp":"2025-07-31T19:25:29.807Z","userId":"688b491be8e10978aff3c242"}
{"count":6,"filters":{},"level":"info","message":"Retrieved student view courses","sortBy":"price-lowtohigh","timestamp":"2025-07-31T19:25:30.698Z"}
{"count":6,"filters":{},"level":"info","message":"Retrieved student view courses","sortBy":"price-lowtohigh","timestamp":"2025-07-31T19:25:30.721Z"}
{"count":6,"filters":{},"level":"info","message":"Retrieved student view courses","sortBy":"price-lowtohigh","timestamp":"2025-07-31T19:27:38.673Z"}
{"count":6,"filters":{},"level":"info","message":"Retrieved student view courses","sortBy":"price-lowtohigh","timestamp":"2025-07-31T19:27:38.705Z"}
{"count":6,"filters":{},"level":"info","message":"Retrieved student view courses","sortBy":"price-lowtohigh","timestamp":"2025-07-31T19:28:56.261Z"}
{"count":6,"filters":{},"level":"info","message":"Retrieved student view courses","sortBy":"price-lowtohigh","timestamp":"2025-07-31T19:28:56.297Z"}
{"email":"bayesashok@gmail.com","level":"info","message":"User logged in successfully","timestamp":"2025-07-31T19:29:23.890Z"}
{"count":6,"filters":{},"level":"info","message":"Retrieved student view courses","sortBy":"price-lowtohigh","timestamp":"2025-07-31T19:29:23.938Z"}
{"level":"info","message":"User details fetched successfully","timestamp":"2025-07-31T19:29:25.372Z","userId":"688b491be8e10978aff3c242"}
{"count":6,"filters":{},"level":"info","message":"Retrieved student view courses","sortBy":"price-lowtohigh","timestamp":"2025-07-31T19:29:26.432Z"}
{"count":6,"filters":{},"level":"info","message":"Retrieved student view courses","sortBy":"price-lowtohigh","timestamp":"2025-07-31T19:29:26.459Z"}
{"level":"info","message":"User details fetched successfully","timestamp":"2025-07-31T19:29:27.345Z","userId":"688b491be8e10978aff3c242"}
{"courseCount":1,"level":"info","message":"Retrieved courses for student","studentId":"688b491be8e10978aff3c242","timestamp":"2025-07-31T19:29:28.271Z"}
{"email":"bayesashok@gmail.com","level":"info","message":"User logged in successfully","timestamp":"2025-07-31T19:29:46.015Z"}
{"count":6,"filters":{},"level":"info","message":"Retrieved student view courses","sortBy":"price-lowtohigh","timestamp":"2025-07-31T19:29:46.060Z"}
{"level":"info","message":"User details fetched successfully","timestamp":"2025-07-31T19:29:47.764Z","userId":"688b491be8e10978aff3c242"}
{"count":6,"filters":{},"level":"info","message":"Retrieved student view courses","sortBy":"price-lowtohigh","timestamp":"2025-07-31T19:29:48.797Z"}
{"count":6,"filters":{},"level":"info","message":"Retrieved student view courses","sortBy":"price-lowtohigh","timestamp":"2025-07-31T19:29:48.826Z"}
{"count":6,"filters":{},"level":"info","message":"Retrieved student view courses","sortBy":"price-lowtohigh","timestamp":"2025-07-31T19:34:49.778Z"}
{"count":6,"filters":{},"level":"info","message":"Retrieved student view courses","sortBy":"price-lowtohigh","timestamp":"2025-07-31T19:34:49.798Z"}
{"email":"ashok111210@gmail.com","level":"warn","loginAttempts":1,"message":"Invalid login attempt - incorrect password","timestamp":"2025-07-31T19:42:13.425Z"}
{"email":"bayesashok@gmail.com","level":"info","message":"User logged in successfully","timestamp":"2025-07-31T19:43:21.891Z"}
{"count":6,"filters":{},"level":"info","message":"Retrieved student view courses","sortBy":"price-lowtohigh","timestamp":"2025-07-31T19:43:22.001Z"}
{"level":"info","message":"User details fetched successfully","timestamp":"2025-07-31T19:43:25.881Z","userId":"688b491be8e10978aff3c242"}
{"count":6,"filters":{},"level":"info","message":"Retrieved student view courses","sortBy":"price-lowtohigh","timestamp":"2025-07-31T19:43:27.456Z"}
{"count":6,"filters":{},"level":"info","message":"Retrieved student view courses","sortBy":"price-lowtohigh","timestamp":"2025-07-31T19:43:27.487Z"}
{"level":"info","message":"User details fetched successfully","timestamp":"2025-07-31T19:43:35.745Z","userId":"688b491be8e10978aff3c242"}
{"count":6,"filters":{},"level":"info","message":"Retrieved student view courses","sortBy":"price-lowtohigh","timestamp":"2025-07-31T19:43:37.477Z"}
{"count":6,"filters":{},"level":"info","message":"Retrieved student view courses","sortBy":"price-lowtohigh","timestamp":"2025-07-31T19:43:38.856Z"}
{"count":6,"filters":{},"level":"info","message":"Retrieved student view courses","sortBy":"price-lowtohigh","timestamp":"2025-07-31T19:43:38.888Z"}
{"errors":[{"location":"params","msg":"Invalid student ID","path":"studentId","type":"field","value":"undefined"}],"level":"error","message":"Validation errors during course purchase check","timestamp":"2025-07-31T19:43:41.016Z"}
{"errors":[{"location":"params","msg":"Invalid student ID","path":"studentId","type":"field","value":"undefined"}],"level":"error","message":"Validation errors during course purchase check","timestamp":"2025-07-31T19:43:43.512Z"}
{"email":"bayesashok@gmail.com","level":"info","message":"User logged in successfully","timestamp":"2025-07-31T19:44:02.404Z"}
{"count":6,"filters":{},"level":"info","message":"Retrieved student view courses","sortBy":"price-lowtohigh","timestamp":"2025-07-31T19:44:02.459Z"}
{"count":6,"filters":{},"level":"info","message":"Retrieved student view courses","sortBy":"price-lowtohigh","timestamp":"2025-07-31T19:44:30.138Z"}
{"count":6,"filters":{},"level":"info","message":"Retrieved student view courses","sortBy":"price-lowtohigh","timestamp":"2025-07-31T19:44:30.161Z"}
{"courseId":"67c553783964626e20f05567","level":"info","message":"Checked course purchase status","purchased":true,"studentId":"688b491be8e10978aff3c242","timestamp":"2025-07-31T19:44:31.784Z"}
{"courseId":"67c553783964626e20f05567","level":"info","message":"No progress found for course","timestamp":"2025-07-31T19:44:31.854Z","userId":"688b491be8e10978aff3c242"}
{"courseCount":1,"level":"info","message":"Retrieved courses for student","studentId":"688b491be8e10978aff3c242","timestamp":"2025-07-31T19:44:34.096Z"}
{"count":6,"filters":{},"level":"info","message":"Retrieved student view courses","sortBy":"price-lowtohigh","timestamp":"2025-07-31T19:44:35.982Z"}
{"count":6,"filters":{},"level":"info","message":"Retrieved student view courses","sortBy":"price-lowtohigh","timestamp":"2025-07-31T19:44:36.010Z"}
{"courseId":"67c553ed3964626e20f05575","level":"info","message":"Checked course purchase status","purchased":false,"studentId":"688b491be8e10978aff3c242","timestamp":"2025-07-31T19:44:37.852Z"}
{"courseId":"67c553ed3964626e20f05575","level":"info","message":"Course details retrieved successfully","timestamp":"2025-07-31T19:44:37.899Z","title":"IQ & Logical Reasoning for NASU"}
