{"error":"Invalid login: 535-5.7.8 Username and Password not accepted. For more information, go to\n535 5.7.8  https://support.google.com/mail/?p=BadCredentials d9443c01a7336-2405befcbe8sm38684985ad.76 - gsmtp","level":"error","message":"Error during login","timestamp":"2025-07-30T04:35:04.331Z"}
{"error":"Invalid login: 535-5.7.8 Username and Password not accepted. For more information, go to\n535 5.7.8  https://support.google.com/mail/?p=BadCredentials d9443c01a7336-24007d98b25sm69657105ad.97 - gsmtp","level":"error","message":"Error during login","timestamp":"2025-07-30T04:45:19.843Z"}
{"error":"Invalid login: 535-5.7.8 Username and Password not accepted. For more information, go to\n535 5.7.8  https://support.google.com/mail/?p=BadCredentials d9443c01a7336-23ff6e1fe3fsm73610995ad.170 - gsmtp","level":"error","message":"Error during login","timestamp":"2025-07-30T04:47:12.327Z"}
{"errors":[{"location":"body","msg":"Invalid payment status","path":"paymentStatus","type":"field","value":"initiated"}],"level":"error","message":"Validation errors during Khalti order creation","timestamp":"2025-07-30T07:27:53.307Z"}
{"errors":[{"location":"body","msg":"Invalid payment status","path":"paymentStatus","type":"field","value":"initiated"}],"level":"error","message":"Validation errors during Khalti order creation","timestamp":"2025-07-30T07:28:01.859Z"}
{"errors":[{"location":"body","msg":"Invalid payment status","path":"paymentStatus","type":"field","value":"initiated"}],"level":"error","message":"Validation errors during Khalti order creation","timestamp":"2025-07-30T07:28:14.933Z"}
{"errors":[{"location":"body","msg":"Invalid payment status","path":"paymentStatus","type":"field","value":"initiated"}],"level":"error","message":"Validation errors during Khalti order creation","timestamp":"2025-07-30T07:28:48.809Z"}
{"errors":[{"location":"body","msg":"Invalid payment status","path":"paymentStatus","type":"field","value":"initiated"}],"level":"error","message":"Validation errors during Khalti order creation","timestamp":"2025-07-30T07:28:53.040Z"}
{"errors":[{"location":"body","msg":"Invalid payment status","path":"paymentStatus","type":"field","value":"initiated"}],"level":"error","message":"Validation errors during Khalti order creation","timestamp":"2025-07-30T07:29:37.039Z"}
{"errors":[{"location":"body","msg":"Invalid payment status","path":"paymentStatus","type":"field","value":"initiated"}],"level":"error","message":"Validation errors during Khalti order creation","timestamp":"2025-07-30T07:29:40.946Z"}
{"errors":[{"location":"body","msg":"Invalid payment status","path":"paymentStatus","type":"field","value":"initiated"}],"level":"error","message":"Validation errors during Khalti order creation","timestamp":"2025-07-30T07:33:09.888Z"}
{"errors":[{"location":"body","msg":"User ID is required","path":"userId","type":"field"},{"location":"body","msg":"Invalid user ID","path":"userId","type":"field"},{"location":"body","msg":"First name is required","path":"fName","type":"field","value":""},{"location":"body","msg":"First name must be at least 2 characters long","path":"fName","type":"field","value":""},{"location":"body","msg":"Invalid payment status","path":"paymentStatus","type":"field","value":"initiated"}],"level":"error","message":"Validation errors during Khalti order creation","timestamp":"2025-07-30T07:39:02.922Z"}
{"errors":[{"location":"body","msg":"User ID is required","path":"userId","type":"field"},{"location":"body","msg":"Invalid user ID","path":"userId","type":"field"},{"location":"body","msg":"First name is required","path":"fName","type":"field","value":""},{"location":"body","msg":"First name must be at least 2 characters long","path":"fName","type":"field","value":""}],"level":"error","message":"Validation errors during Khalti order creation","timestamp":"2025-07-30T07:41:01.033Z"}
{"errors":[{"location":"body","msg":"User ID is required","path":"userId","type":"field"},{"location":"body","msg":"Invalid user ID","path":"userId","type":"field"},{"location":"body","msg":"First name is required","path":"fName","type":"field","value":""},{"location":"body","msg":"First name must be at least 2 characters long","path":"fName","type":"field","value":""}],"level":"error","message":"Validation errors during Khalti order creation","timestamp":"2025-07-30T07:41:06.063Z"}
{"errors":[{"location":"body","msg":"User ID is required","path":"userId","type":"field"},{"location":"body","msg":"Invalid user ID","path":"userId","type":"field"},{"location":"body","msg":"First name is required","path":"fName","type":"field","value":""},{"location":"body","msg":"First name must be at least 2 characters long","path":"fName","type":"field","value":""}],"level":"error","message":"Validation errors during Khalti order creation","timestamp":"2025-07-30T07:41:42.232Z"}
{"errors":[{"location":"params","msg":"Invalid student ID","path":"studentId","type":"field","value":"undefined"}],"level":"error","message":"Validation errors during course purchase check","timestamp":"2025-07-30T07:41:50.622Z"}
{"errors":[{"location":"params","msg":"Invalid student ID","path":"studentId","type":"field","value":"undefined"}],"level":"error","message":"Validation errors during course purchase check","timestamp":"2025-07-30T07:41:52.110Z"}
{"errors":[{"location":"params","msg":"Invalid student ID","path":"studentId","type":"field","value":"undefined"}],"level":"error","message":"Validation errors during course purchase check","timestamp":"2025-07-30T07:41:53.352Z"}
{"errors":[{"location":"params","msg":"Invalid student ID","path":"studentId","type":"field","value":"undefined"}],"level":"error","message":"Validation errors during course purchase check","timestamp":"2025-07-30T07:41:55.058Z"}
{"errors":[{"location":"params","msg":"Invalid student ID","path":"studentId","type":"field","value":"undefined"}],"level":"error","message":"Validation errors during course purchase check","timestamp":"2025-07-30T07:41:55.873Z"}
{"errors":[{"location":"params","msg":"Invalid student ID","path":"studentId","type":"field","value":"undefined"}],"level":"error","message":"Validation errors during course purchase check","timestamp":"2025-07-30T07:41:57.844Z"}
{"errors":[{"location":"params","msg":"Invalid student ID","path":"studentId","type":"field","value":"undefined"}],"level":"error","message":"Validation errors during course purchase check","timestamp":"2025-07-30T07:42:00.780Z"}
{"errors":[{"location":"params","msg":"Invalid student ID","path":"studentId","type":"field","value":"undefined"}],"level":"error","message":"Validation errors during course purchase check","timestamp":"2025-07-30T07:42:01.710Z"}
{"errors":[{"location":"params","msg":"Invalid student ID","path":"studentId","type":"field","value":"undefined"}],"level":"error","message":"Validation errors during course purchase check","timestamp":"2025-07-30T07:42:02.548Z"}
{"errors":[{"location":"params","msg":"Invalid student ID","path":"studentId","type":"field","value":"undefined"}],"level":"error","message":"Validation errors during course purchase check","timestamp":"2025-07-30T07:42:15.831Z"}
{"errors":[{"location":"params","msg":"Invalid student ID","path":"studentId","type":"field","value":"undefined"}],"level":"error","message":"Validation errors during course purchase check","timestamp":"2025-07-30T07:42:16.651Z"}
{"errors":[{"location":"params","msg":"Invalid student ID","path":"studentId","type":"field","value":"undefined"}],"level":"error","message":"Validation errors during course purchase check","timestamp":"2025-07-30T07:42:18.795Z"}
{"errors":[{"location":"params","msg":"Invalid student ID","path":"studentId","type":"field","value":"undefined"}],"level":"error","message":"Validation errors during course purchase check","timestamp":"2025-07-30T07:42:19.015Z"}
{"errors":[{"location":"params","msg":"Invalid student ID","path":"studentId","type":"field","value":"undefined"}],"level":"error","message":"Validation errors during course purchase check","timestamp":"2025-07-30T07:42:20.617Z"}
{"errors":[{"location":"params","msg":"Invalid student ID","path":"studentId","type":"field","value":"undefined"}],"level":"error","message":"Validation errors during course purchase check","timestamp":"2025-07-30T07:42:21.610Z"}
{"errors":[{"location":"params","msg":"Invalid student ID","path":"studentId","type":"field","value":"undefined"}],"level":"error","message":"Validation errors during course purchase check","timestamp":"2025-07-30T07:42:39.900Z"}
{"errors":[{"location":"params","msg":"Invalid student ID","path":"studentId","type":"field","value":"undefined"}],"level":"error","message":"Validation errors during course purchase check","timestamp":"2025-07-30T07:42:54.536Z"}
{"errors":[{"location":"params","msg":"Invalid student ID","path":"studentId","type":"field","value":"undefined"}],"level":"error","message":"Validation errors during course purchase check","timestamp":"2025-07-30T07:42:55.246Z"}
{"errors":[{"location":"params","msg":"Invalid student ID","path":"studentId","type":"field","value":"undefined"}],"level":"error","message":"Validation errors during course purchase check","timestamp":"2025-07-30T07:43:00.674Z"}
{"errors":[{"location":"body","msg":"User ID is required","path":"userId","type":"field"},{"location":"body","msg":"Invalid user ID","path":"userId","type":"field"},{"location":"body","msg":"First name is required","path":"fName","type":"field","value":""},{"location":"body","msg":"First name must be at least 2 characters long","path":"fName","type":"field","value":""}],"level":"error","message":"Validation errors during Khalti order creation","timestamp":"2025-07-30T07:44:52.945Z"}
{"errors":[{"location":"body","msg":"User ID is required","path":"userId","type":"field"},{"location":"body","msg":"Invalid user ID","path":"userId","type":"field"},{"location":"body","msg":"First name is required","path":"fName","type":"field","value":""},{"location":"body","msg":"First name must be at least 2 characters long","path":"fName","type":"field","value":""}],"level":"error","message":"Validation errors during Khalti order creation","timestamp":"2025-07-30T07:46:11.555Z"}
{"errors":[{"location":"body","msg":"User ID is required","path":"userId","type":"field"},{"location":"body","msg":"Invalid user ID","path":"userId","type":"field"},{"location":"body","msg":"First name is required","path":"fName","type":"field","value":""},{"location":"body","msg":"First name must be at least 2 characters long","path":"fName","type":"field","value":""}],"level":"error","message":"Validation errors during Khalti order creation","timestamp":"2025-07-30T07:47:20.291Z"}
{"errors":[{"location":"params","msg":"Invalid student ID","path":"studentId","type":"field","value":"undefined"}],"level":"error","message":"Validation errors during course purchase check","timestamp":"2025-07-30T07:47:50.131Z"}
{"errors":[{"location":"params","msg":"Invalid student ID","path":"studentId","type":"field","value":"undefined"}],"level":"error","message":"Validation errors during course purchase check","timestamp":"2025-07-30T07:47:50.809Z"}
{"errors":[{"location":"params","msg":"Invalid student ID","path":"studentId","type":"field","value":"undefined"}],"level":"error","message":"Validation errors during course purchase check","timestamp":"2025-07-30T07:47:51.417Z"}
{"errors":[{"location":"params","msg":"Invalid student ID","path":"studentId","type":"field","value":"undefined"}],"level":"error","message":"Validation errors during course purchase check","timestamp":"2025-07-30T07:47:53.391Z"}
{"errors":[{"location":"body","msg":"User ID is required","path":"userId","type":"field"},{"location":"body","msg":"Invalid user ID","path":"userId","type":"field"},{"location":"body","msg":"First name is required","path":"fName","type":"field","value":""},{"location":"body","msg":"First name must be at least 2 characters long","path":"fName","type":"field","value":""}],"level":"error","message":"Validation errors during Khalti order creation","timestamp":"2025-07-30T07:48:25.513Z"}
{"errors":[{"location":"params","msg":"Invalid student ID","path":"studentId","type":"field","value":"undefined"}],"level":"error","message":"Validation errors during course purchase check","timestamp":"2025-07-30T07:48:33.115Z"}
{"errors":[{"location":"params","msg":"Invalid student ID","path":"studentId","type":"field","value":"undefined"}],"level":"error","message":"Validation errors during course purchase check","timestamp":"2025-07-30T07:48:35.730Z"}
{"errors":[{"location":"body","msg":"User ID is required","path":"userId","type":"field"},{"location":"body","msg":"Invalid user ID","path":"userId","type":"field"},{"location":"body","msg":"First name is required","path":"fName","type":"field","value":""},{"location":"body","msg":"First name must be at least 2 characters long","path":"fName","type":"field","value":""}],"level":"error","message":"Validation errors during Khalti order creation","timestamp":"2025-07-30T07:49:33.372Z"}
{"errors":[{"location":"params","msg":"Invalid student ID","path":"studentId","type":"field","value":"undefined"}],"level":"error","message":"Validation errors during course purchase check","timestamp":"2025-07-30T07:53:45.089Z"}
{"errors":[{"location":"params","msg":"Invalid student ID","path":"studentId","type":"field","value":"undefined"}],"level":"error","message":"Validation errors during course purchase check","timestamp":"2025-07-30T07:53:46.614Z"}
{"errors":[{"location":"params","msg":"Invalid student ID","path":"studentId","type":"field","value":"undefined"}],"level":"error","message":"Validation errors during course purchase check","timestamp":"2025-07-30T07:53:48.028Z"}
{"errors":[{"location":"params","msg":"Invalid student ID","path":"studentId","type":"field","value":"undefined"}],"level":"error","message":"Validation errors during course purchase check","timestamp":"2025-07-30T07:53:49.102Z"}
{"errors":[{"location":"params","msg":"Invalid student ID","path":"studentId","type":"field","value":"undefined"}],"level":"error","message":"Validation errors during course purchase check","timestamp":"2025-07-30T07:53:50.503Z"}
{"errors":[{"location":"params","msg":"Invalid student ID","path":"studentId","type":"field","value":"undefined"}],"level":"error","message":"Validation errors during course purchase check","timestamp":"2025-07-30T07:53:58.856Z"}
{"errors":[{"location":"params","msg":"Invalid student ID","path":"studentId","type":"field","value":"undefined"}],"level":"error","message":"Validation errors during course purchase check","timestamp":"2025-07-30T08:07:43.856Z"}
{"errors":[{"location":"params","msg":"Invalid student ID","path":"studentId","type":"field","value":"undefined"}],"level":"error","message":"Validation errors during course purchase check","timestamp":"2025-07-30T08:07:44.642Z"}
{"errors":[{"location":"params","msg":"Invalid student ID","path":"studentId","type":"field","value":"undefined"}],"level":"error","message":"Validation errors during course purchase check","timestamp":"2025-07-30T08:07:45.370Z"}
{"error":"Cannot read properties of undefined (reading 'toString')","level":"error","message":"Error verifying Khalti payment","timestamp":"2025-07-30T08:08:28.033Z"}
{"errors":[{"location":"params","msg":"Invalid student ID","path":"studentId","type":"field","value":"undefined"}],"level":"error","message":"Validation errors during course purchase check","timestamp":"2025-07-30T08:08:34.410Z"}
{"errors":[{"location":"params","msg":"Invalid student ID","path":"studentId","type":"field","value":"undefined"}],"level":"error","message":"Validation errors during course purchase check","timestamp":"2025-07-30T08:08:35.245Z"}
{"errors":[{"location":"params","msg":"Invalid student ID","path":"studentId","type":"field","value":"undefined"}],"level":"error","message":"Validation errors during course purchase check","timestamp":"2025-07-30T08:08:37.622Z"}
{"errors":[{"location":"params","msg":"Invalid student ID","path":"studentId","type":"field","value":"undefined"}],"level":"error","message":"Validation errors during course purchase check","timestamp":"2025-07-30T08:08:37.832Z"}
{"errors":[{"location":"params","msg":"Invalid student ID","path":"studentId","type":"field","value":"undefined"}],"level":"error","message":"Validation errors during course purchase check","timestamp":"2025-07-30T08:08:38.022Z"}
{"errors":[{"location":"params","msg":"Invalid student ID","path":"studentId","type":"field","value":"undefined"}],"level":"error","message":"Validation errors during course purchase check","timestamp":"2025-07-30T08:08:38.246Z"}
{"errors":[{"location":"params","msg":"Invalid student ID","path":"studentId","type":"field","value":"undefined"}],"level":"error","message":"Validation errors during course purchase check","timestamp":"2025-07-30T08:08:38.823Z"}
{"errors":[{"location":"params","msg":"Invalid student ID","path":"studentId","type":"field","value":"undefined"}],"level":"error","message":"Validation errors during course purchase check","timestamp":"2025-07-30T08:08:39.985Z"}
{"errors":[{"location":"params","msg":"Invalid student ID","path":"studentId","type":"field","value":"undefined"}],"level":"error","message":"Validation errors during course purchase check","timestamp":"2025-07-30T08:08:42.123Z"}
{"errors":[{"location":"body","msg":"Captcha token is required","path":"captchaToken","type":"field"}],"level":"error","message":"Validation errors during user registration","timestamp":"2025-07-30T08:49:03.647Z"}
{"errors":[{"location":"body","msg":"Captcha token is required","path":"captchaToken","type":"field"}],"level":"error","message":"Validation errors during user registration","timestamp":"2025-07-30T08:49:19.526Z"}
